0 info it worked if it ends with ok
1 verbose cli [ 'node', '/usr/local/bin/npm', 'publish', '.' ]
2 info using npm@1.4.21
3 info using node@v0.10.30
4 verbose publish [ '.' ]
5 verbose cache add [ '.', null ]
6 verbose cache add name=undefined spec="." args=[".",null]
7 verbose parsed url { protocol: null,
7 verbose parsed url   slashes: null,
7 verbose parsed url   auth: null,
7 verbose parsed url   host: null,
7 verbose parsed url   port: null,
7 verbose parsed url   hostname: null,
7 verbose parsed url   hash: null,
7 verbose parsed url   search: null,
7 verbose parsed url   query: null,
7 verbose parsed url   pathname: '.',
7 verbose parsed url   path: '.',
7 verbose parsed url   href: '.' }
8 silly lockFile 3a52ce78- .
9 verbose lock . /Users/kos/.npm/3a52ce78-.lock
10 verbose tar pack [ '/Users/kos/.npm/socket.io-redis-with-shared/0.1.4/package.tgz',
10 verbose tar pack   '.' ]
11 verbose tarball /Users/kos/.npm/socket.io-redis-with-shared/0.1.4/package.tgz
12 verbose folder .
13 info prepublish socket.io-redis-with-shared@0.1.4
14 silly lockFile 1f1177db-tar tar://.
15 verbose lock tar://. /Users/kos/.npm/1f1177db-tar.lock
16 silly lockFile e7dcd068-is-with-shared-0-1-4-package-tgz tar:///Users/kos/.npm/socket.io-redis-with-shared/0.1.4/package.tgz
17 verbose lock tar:///Users/kos/.npm/socket.io-redis-with-shared/0.1.4/package.tgz /Users/kos/.npm/e7dcd068-is-with-shared-0-1-4-package-tgz.lock
18 silly lockFile 1f1177db-tar tar://.
19 silly lockFile 1f1177db-tar tar://.
20 silly lockFile e7dcd068-is-with-shared-0-1-4-package-tgz tar:///Users/kos/.npm/socket.io-redis-with-shared/0.1.4/package.tgz
21 silly lockFile e7dcd068-is-with-shared-0-1-4-package-tgz tar:///Users/kos/.npm/socket.io-redis-with-shared/0.1.4/package.tgz
22 silly lockFile b9845dd5--redis-with-shared-0-1-4-package /Users/kos/.npm/socket.io-redis-with-shared/0.1.4/package
23 verbose lock /Users/kos/.npm/socket.io-redis-with-shared/0.1.4/package /Users/kos/.npm/b9845dd5--redis-with-shared-0-1-4-package.lock
24 silly lockFile b9845dd5--redis-with-shared-0-1-4-package /Users/kos/.npm/socket.io-redis-with-shared/0.1.4/package
25 silly lockFile b9845dd5--redis-with-shared-0-1-4-package /Users/kos/.npm/socket.io-redis-with-shared/0.1.4/package
26 silly lockFile 3a52ce78- .
27 silly lockFile 3a52ce78- .
28 silly publish { name: 'socket.io-redis-with-shared',
28 silly publish   version: '0.1.4',
28 silly publish   description: 'Socket.io Redis adapter with shared memory',
28 silly publish   repository:
28 silly publish    { type: 'git',
28 silly publish      url: 'git@github.com:konstantinzolotarev/socket.io-redis-with-shared.git' },
28 silly publish   scripts: { test: 'mocha' },
28 silly publish   dependencies:
28 silly publish    { debug: '0.7.4',
28 silly publish      lodash: '^2.4.1',
28 silly publish      'msgpack-js': '0.3.0',
28 silly publish      redis: '0.10.1',
28 silly publish      'socket.io-adapter': '0.3.1',
28 silly publish      uid2: '0.0.3' },
28 silly publish   devDependencies:
28 silly publish    { async: '0.2.10',
28 silly publish      chai: '^1.10.0',
28 silly publish      'expect.js': '0.3.1',
28 silly publish      mocha: '1.18.0',
28 silly publish      'socket.io': '1.0.2',
28 silly publish      'socket.io-client': '1.0.2' },
28 silly publish   readme: '# socket.io-redis-with-shared\nSocket.io Redis adapter with shared memory\n\n\nIt same as normal `socket.io-redis` adapter.\n\nBut have 1 feature. It allow to create a shared objects between instances.\nTo share any data you could use:\n```\nsocket.adapter.shared.someVar = "someValue";\nsocket.adapter.sync();\n```',
28 silly publish   readmeFilename: 'README.md',
28 silly publish   gitHead: 'a3193837c83b70be8a9f22ddf21586cff0c75e30',
28 silly publish   bugs: { url: 'https://github.com/konstantinzolotarev/socket.io-redis-with-shared/issues' },
28 silly publish   homepage: 'https://github.com/konstantinzolotarev/socket.io-redis-with-shared',
28 silly publish   _id: 'socket.io-redis-with-shared@0.1.4',
28 silly publish   _shasum: 'b7c4682f6bf194a5cf0bc1a39ee106246e8064d2',
28 silly publish   _from: '.' }
29 verbose request where is /socket.io-redis-with-shared
30 verbose request registry https://registry.npmjs.org/
31 verbose request id fb74b4b2e144d549
32 verbose url raw /socket.io-redis-with-shared
33 verbose url resolving [ 'https://registry.npmjs.org/',
33 verbose url resolving   './socket.io-redis-with-shared' ]
34 verbose url resolved https://registry.npmjs.org/socket.io-redis-with-shared
35 verbose request where is https://registry.npmjs.org/socket.io-redis-with-shared
36 info trying registry request attempt 1 at 17:41:53
37 http PUT https://registry.npmjs.org/socket.io-redis-with-shared
38 http 403 https://registry.npmjs.org/socket.io-redis-with-shared
39 verbose headers { date: 'Tue, 20 Jan 2015 11:41:54 GMT',
39 verbose headers   server: 'CouchDB/1.5.0 (Erlang OTP/R16B03)',
39 verbose headers   'content-type': 'application/json',
39 verbose headers   'cache-control': 'max-age=60',
39 verbose headers   'content-length': '3142',
39 verbose headers   'accept-ranges': 'bytes',
39 verbose headers   via: '1.1 varnish',
39 verbose headers   'x-served-by': 'cache-fra1245-FRA',
39 verbose headers   'x-cache': 'MISS',
39 verbose headers   'x-cache-hits': '0',
39 verbose headers   'x-timer': 'S1421754113.831310,VS0,VE682',
39 verbose headers   'keep-alive': 'timeout=10, max=50',
39 verbose headers   connection: 'Keep-Alive' }
40 error publish Failed PUT 403
41 error Error: forbidden cannot modify pre-existing version: 0.1.4
41 error old={"name":"socket.io-redis-with-shared","version":"0.1.4","description":"Socket.io Redis adapter with shared memory","repository":{"type":"git","url":"git@github.com:konstantinzolotarev/socket.io-redis-with-shared.git"},"scripts":{"test":"mocha"},"dependencies":{"debug":"0.7.4","lodash":"^2.4.1","msgpack-js":"0.3.0","redis":"0.10.1","socket.io-adapter":"0.3.1","uid2":"0.0.3"},"devDependencies":{"async":"0.2.10","chai":"^1.10.0","expect.js":"0.3.1","mocha":"1.18.0","socket.io":"1.0.2","socket.io-client":"1.0.2"},"gitHead":"a3193837c83b70be8a9f22ddf21586cff0c75e30","bugs":{"url":"https://github.com/konstantinzolotarev/socket.io-redis-with-shared/issues"},"homepage":"https://github.com/konstantinzolotarev/socket.io-redis-with-shared","_id":"socket.io-redis-with-shared@0.1.4","_shasum":"0b680739091904734fcfbc14aa5ce2e2e73e417a","_from":".","_npmVersion":"1.4.21","_npmUser":{"name":"kos","email":"konstantin.zolotarev@gmail.com"},"maintainers":[{"name":"kos","email":"konstantin.zolotarev@gmail.com"}],"dist":{"shasum":"0b680739091904734fcfbc14aa5ce2e2e73e417a","tarball":"http://registry.npmjs.org/socket.io-redis-with-shared/-/socket.io-redis-with-shared-0.1.4.tgz"}}
41 error new={"name":"socket.io-redis-with-shared","version":"0.1.4","description":"Socket.io Redis adapter with shared memory","repository":{"type":"git","url":"git@github.com:konstantinzolotarev/socket.io-redis-with-shared.git"},"scripts":{"test":"mocha"},"dependencies":{"debug":"0.7.4","lodash":"^2.4.1","msgpack-js":"0.3.0","redis":"0.10.1","socket.io-adapter":"0.3.1","uid2":"0.0.3"},"devDependencies":{"async":"0.2.10","chai":"^1.10.0","expect.js":"0.3.1","mocha":"1.18.0","socket.io":"1.0.2","socket.io-client":"1.0.2"},"readme":"# socket.io-redis-with-shared\u000aSocket.io Redis adapter with shared memory\u000a\u000a\u000aIt same as normal `socket.io-redis` adapter.\u000a\u000aBut have 1 feature. It allow to create a shared objects between instances.\u000aTo share any data you could use:\u000a```\u000asocket.adapter.shared.someVar = \"someValue\";\u000asocket.adapter.sync();\u000a```","readmeFilename":"README.md","gitHead":"a3193837c83b70be8a9f22ddf21586cff0c75e30","bugs":{"url":"https://github.com/konstantinzolotarev/socket.io-redis-with-shared/issues"},"homepage":"https://github.com/konstantinzolotarev/socket.io-redis-with-shared","_id":"socket.io-redis-with-shared@0.1.4","_shasum":"b7c4682f6bf194a5cf0bc1a39ee106246e8064d2","_from":".","_npmVersion":"1.4.21","_npmUser":{"name":"kos","email":"konstantin.zolotarev@gmail.com"},"maintainers":[{"name":"kos","email":"konstantin.zolotarev@gmail.com"}],"dist":{"shasum":"b7c4682f6bf194a5cf0bc1a39ee106246e8064d2","tarball":"http://registry.npmjs.org/socket.io-redis-with-shared/-/socket.io-redis-with-shared-0.1.4.tgz"}}: socket.io-redis-with-shared
41 error     at RegClient.<anonymous> (/usr/local/lib/node_modules/npm/node_modules/npm-registry-client/lib/request.js:300:14)
41 error     at Request._callback (/usr/local/lib/node_modules/npm/node_modules/npm-registry-client/lib/request.js:238:65)
41 error     at Request.self.callback (/usr/local/lib/node_modules/npm/node_modules/request/request.js:123:22)
41 error     at Request.emit (events.js:98:17)
41 error     at Request.<anonymous> (/usr/local/lib/node_modules/npm/node_modules/request/request.js:893:14)
41 error     at Request.emit (events.js:117:20)
41 error     at IncomingMessage.<anonymous> (/usr/local/lib/node_modules/npm/node_modules/request/request.js:844:12)
41 error     at IncomingMessage.emit (events.js:117:20)
41 error     at _stream_readable.js:938:16
41 error     at process._tickCallback (node.js:419:13)
42 error If you need help, you may report this *entire* log,
42 error including the npm and node versions, at:
42 error     <http://github.com/npm/npm/issues>
43 error System Darwin 14.0.0
44 error command "node" "/usr/local/bin/npm" "publish" "."
45 error cwd /Volumes/Repos/Coding/OpenSource/socket.io-redis-with-shared
46 error node -v v0.10.30
47 error npm -v 1.4.21
48 verbose exit [ 1, true ]
